<?xml version="1.0" encoding="UTF-8"?>
<!-- Generated by org.testng.reporters.JUnitReportReporter -->
<testsuite hostname="LAPTOP-NOUID960" failures="0" tests="1" name="TestRunner.MyTestRunner" time="40.672" errors="0" timestamp="2025-08-26T10:32:24 IST" skipped="0">
  <testcase classname="TestRunner.MyTestRunner" name="runScenario" time="40.672"/>
</testsuite> <!-- TestRunner.MyTestRunner -->
